<?xml version="1.0" encoding="UTF-8"?>
<testsuite name="RegisterConsumerSystemTests" tests="9" skipped="0" failures="0" errors="0" timestamp="2022-04-17T15:21:15" hostname="LAPTOP-10QML2S6" time="3.053">
  <properties/>
  <testcase name="Consumer Registrations with Missing Phone Number should not work" classname="RegisterConsumerSystemTests" time="0.313"/>
  <testcase name="Consumer Registrations Then Login should work" classname="RegisterConsumerSystemTests" time="0.681"/>
  <testcase name="Consumer Registrations with Missing Name should not work" classname="RegisterConsumerSystemTests" time="0.226"/>
  <testcase name="Consumer Registrations should work" classname="RegisterConsumerSystemTests" time="0.456"/>
  <testcase name="Consumer Registrations with Missing All Information should not work" classname="RegisterConsumerSystemTests" time="0.225"/>
  <testcase name="Consumer Registrations with Missing Email should not work" classname="RegisterConsumerSystemTests" time="0.236"/>
  <testcase name="Consumer Registrations With Existed Email should not work" classname="RegisterConsumerSystemTests" time="0.454"/>
  <testcase name="Consumer Registrations with Missing Password should not work" classname="RegisterConsumerSystemTests" time="0.226"/>
  <testcase name="Consumer Registrations with Missing Payment Email should not work" classname="RegisterConsumerSystemTests" time="0.23"/>
  <system-out><![CDATA[Consumer Registrations with Missing Phone Number should not work
{STATUS:=USER_REGISTER_FIELDS_CANNOT_BE_NULL}
---
Consumer Registrations Then Login should work
{STATUS:=USER_LOGIN_SUCCESS}
{STATUS:=USER_LOGIN_SUCCESS}
---
Consumer Registrations with Missing Name should not work
{STATUS:=USER_REGISTER_FIELDS_CANNOT_BE_NULL}
---
Consumer Registrations should work
{STATUS:=USER_LOGIN_SUCCESS}
---
Consumer Registrations with Missing All Information should not work
{STATUS:=USER_REGISTER_FIELDS_CANNOT_BE_NULL}
---
Consumer Registrations with Missing Email should not work
{STATUS:=USER_REGISTER_FIELDS_CANNOT_BE_NULL}
---
Consumer Registrations With Existed Email should not work
{STATUS:=USER_LOGIN_SUCCESS}
{STATUS:=USER_REGISTER_EMAIL_ALREADY_REGISTERED}
---
Consumer Registrations with Missing Password should not work
{STATUS:=USER_REGISTER_FIELDS_CANNOT_BE_NULL}
---
Consumer Registrations with Missing Payment Email should not work
{STATUS:=USER_REGISTER_FIELDS_CANNOT_BE_NULL}
---
]]></system-out>
  <system-err><![CDATA[]]></system-err>
</testsuite>
