<?xml version="1.0" encoding="UTF-8"?>
<testsuite name="ListEventsSystemTests" tests="2" skipped="0" failures="0" errors="0" timestamp="2022-04-14T09:05:45" hostname="DESKTOP-SNJFDR1" time="2.385">
  <properties/>
  <testcase name="List Events should work" classname="ListEventsSystemTests" time="1.146"/>
  <testcase name="List Events after the cancellation should work" classname="ListEventsSystemTests" time="1.238"/>
  <system-out><![CDATA[List Events should work
---
List Events after the cancellation should work
---
]]></system-out>
  <system-err><![CDATA[]]></system-err>
</testsuite>
